Start testing: Jun 16 19:08 CST
----------------------------------------------------------
1/1 Testing: volcano_tests
1/1 Test: volcano_tests
Command: "/home/refrain/proj/awesome-db-optimizer/demos/volcano_join_reorder/build/volcano_tests"
Directory: /home/refrain/proj/awesome-db-optimizer/demos/volcano_join_reorder/build
"volcano_tests" start time: Jun 16 19:08 CST
Output:
----------------------------------------------------------
=== Join Order Search Tests ===

Test 1: Two-table query
  best_plan: HashJoin(SeqScan(a), SeqScan(b)) cost=3200
Test 2: Cross-strategy consistency (chain_3)
Test 3: Cross-strategy consistency (star_4)
Test 4: Cross-strategy consistency (cycle_4)
Test 5: Cross-strategy consistency (clique_4)
Test 6: Sorted property
  sorted_plan: MergeJoin(Sort[a.x](SeqScan(a)), Sort[b.x](HashJoin(SeqScan(b), SeqScan(c)))) cost=46387.9
  any_plan: MergeJoin(Sort[b.y](HashJoin(SeqScan(a), SeqScan(b))), Sort[c.y](SeqScan(c))) cost=19651.6
Test 7: Transformational duplicates
  chain_3 duplicates: 16, rule_applications: 24
  chain_4 duplicates: 60, rule_applications: 100
Test 8: TopDown branch-and-bound
  branches_pruned: 0 (may be 0 if lower bound too weak for toy data)
  partitions_explored: 49
  cache_hits: 74
  plans_costed: 119
Test 9: JoinGraph connectivity
Test 10: All test cases load
  two_table: 2 relations, 1 predicates
  clique_4: 4 relations, 6 predicates
  cycle_4: 4 relations, 4 predicates
  star_4: 4 relations, 3 predicates
  chain_4: 4 relations, 3 predicates
  chain_3: 3 relations, 2 predicates

=== ALL TESTS PASSED ===
<end of output>
Test time =   0.02 sec
----------------------------------------------------------
Test Passed.
"volcano_tests" end time: Jun 16 19:08 CST
"volcano_tests" time elapsed: 00:00:00
----------------------------------------------------------

End testing: Jun 16 19:08 CST
